# 6.828-2018 Lab1

## 一、环境配置

先安装好vmware＋linux或者其他虚拟机。

官网提供的 `ubuntu-10.04.1-desktop-i386.iso`，32位桌面版本的ubuntu。

http://old-releases.ubuntu.com/releases/10.04.0

找到对应版本直接下载，版本太老国内镜像源也找不到，速度时快时慢的，而且感觉并不好用

最后还是用了最新版本的ubuntu，据说会有bug但是目前还没有遇到

如有gui,在图形化界面设置镜像源。项目实际上使用的是ubuntu桌面版20.04

如果使用的是旧版本ubuntu，似乎vmware-tool会失效，运行

```
sudo apt-get install openssh-server
```

使用xshell连接，就可以复制粘贴了

ubuntu桌面版一般是没有编译器工具的，运行

```
sudo apt-get install -y build-essential gdb
```

64位系统还要运行

```
sudo apt-get install gcc-multilib
```

安装qemu:

运行

```
sudo apt install git libsdl1.2-dev libtool-bin libglib2.0-dev libz-dev libpixman-1-dev
```

安装git和相关依赖

运行

```
git clone https://github.com/mit-pdos/6.828-qemu.git qemu
```

获取mit补丁版本qemu。有bug需要修改

安装python2.7

```
sudo apt install python2
sudo ln -s /usr/bin/python2 /usr/bin/python
```

运行

```
cd qemu
./configure --disable-kvm --disable-werror --target-list="i386-softmmu x86_64-softmmu"
sudo make && sudo make install
```

报错

```
undefined reference to `major'
undefined reference to `minor'
```

在/qemu/qga/commands-posix.c前加上

#include <sys/sysmacros.h>，解决问题

重新运行sudo make && sudo make install

中间会报很多warning，不需要理会

## part1 PC引导程序

按照官网给的步骤

```
mkdir ~/6.828
cd ~/6.828
git clone https://pdos.csail.mit.edu/6.828/2018/jos.git lab
cd lab
make
make qemu
```

弹出一个qemu的窗口

如果是无图形化的界面就运行make qemu-nox

打开另外两个窗口

```
cd ~/6.828/lab
sudo make qemu-nox-gdb
或者
sudo make qemu-gdb
```

```
sudo apt install gdb
cd ~/6.828/lab
make gdb
```

gdb访问的是26000端口。如果qemu-gdb不是运行在该端口，会连接失败，修改.gdbinit中的端口号即可

输出的第一行反汇编代码：

```
[f000:fff0]    0xffff0:	ljmp   $0xf000,$0xe05b
```

[f000:fff0] ：cs寄存器：IP寄存器；CS是代码段寄存器，IP为指令指针寄存器,用于指令寻址

0xffff0:当前指令的地址，通过寻址获得，即 物理地址= 16 *段+偏移量

​			0xffff0=16*CS + IP

ljmp:长转移指令

$0xf000，$0xe05b：大概就是新指令的cs:ip

### Task2 

使用si语句输出汇编看看bios做了什么

输入si，一直回车。BIOS ROM 从0x000f0000到0x000fffff，一个地址对应的内存单位为B，共0x10000=64KB。上面指令的0xffff0，存储于这个rom的最顶部，剩余16个字节，因此第一步是jmp到地址更低的地方

```assembly
[f000:e05b]    0xfe05b:	cmpl   $0x0,%cs:0x6ac8
[f000:e062]    0xfe062:	jne    0xfd2e1
[f000:e066]    0xfe066:	xor    %dx,%dx
[f000:e068]    0xfe068:	mov    %dx,%ss
[f000:e06a]    0xfe06a:	mov    $0x7000,%esp
[f000:e070]    0xfe070:	mov    $0xf34c2,%edx
[f000:e076]    0xfe076:	jmp    0xfd15c
[f000:d15c]    0xfd15c:	mov    %eax,%ecx
[f000:d15f]    0xfd15f:	cli 
[f000:d160]    0xfd160:	cld
[f000:d161]    0xfd161:	mov    $0x8f,%eax
[f000:d167]    0xfd167:	out    %al,$0x70
[f000:d169]    0xfd169:	in     $0x71,%al
[f000:d16b]    0xfd16b:	in     $0x92,%al
[f000:d16d]    0xfd16d:	or     $0x2,%al
[f000:d16f]    0xfd16f:	out    %al,$0x92
[f000:d171]    0xfd171:	lidtw  %cs:0x6ab8
[f000:d177]    0xfd177:	lgdtw  %cs:0x6a74
[f000:d17d]    0xfd17d:	mov    %cr0,%eax
[f000:d180]    0xfd180:	or     $0x1,%eax
[f000:d184]    0xfd184:	mov    %eax,%cr0
[f000:d187]    0xfd187:	ljmpl  $0x8,$0xfd18f
The target architecture is set to "i386".
```

可以看到上一个指令已经实现了，地址跳转到0xfe05b

```assembly
[f000:e05b]    0xfe05b:	cmpl   $0x0,%cs:0x6ac8
[f000:e062]    0xfe062:	jne    0xfd2e1
```

%cs:0x6ac8：寻址

0xf6ac8存储的数如果不是0，就跳转到0xfd2e1

输入x/1x 0xf6ac8，得到0xf6ac8:	0x00000000，是0

## part2 引导加载程序

#### 实模式和保护模式

实模式：地址是真实的，即物理地址；上面cs:ip的寻址方式就是实模式下的，内存被限制为仅有1M字节(2^20 字节)，地址长度为20位，需要5位16机制，故采用cs4位，ip四位，地址等于cs*16+ip

保护模式：应用程序获取的不再是物理地址，而是虚拟地址。引入了虚拟内存的概念

16位保护模式：8086，数据分段，偏移地址依然是16位数，段的大小被限制为64K(2^16)

32位保护模式：80386，存在32位的寄存器，段大小最大为32G;段内可以分页，页大小4K，也就是段页式内存管理，一段可能只有部分页在内存中。寻址方式

实验中的保护模式都是32位的。

### 练习3

输入b *0x7c00，在0x7c00打上断点 

输入c,

```assembly
Continuing.
[   0:7c00] => 0x7c00:	cli    

Breakpoint 1, 0x00007c00 in ?? ()
```

可以在boot.S与其反汇编boot.asm中找到这一部分

```
//boot.asm
00007c00 <start>:
.set CR0_PE_ON,      0x1         # protected mode enable flag

.globl start
start:
  .code16                     # Assemble for 16-bit mode
  cli                         # Disable interrupts
    7c00:	fa                   	cli    
  cld                         # String operations increment
    7c01:	fc                   	cld   
//boot.S
.globl start
start:
  .code16                     # Assemble for 16-bit mode
  cli                         # Disable interrupts
  cld                         # String operations increment
```

输入si继续追踪，此时运行在实模式下。查看boot.S中的注释了解具体用途。

cli:关中断

cld:设置串处理方式

设置ds、es、ss寄存器，

输入info registers，可以看到ss,ds,es,ss都被设置成0

enableA20:为了与最早的PC向后兼容，物理地址行20被绑定为低位，因此高于1MB的地址默认为零。此代码将撤消此操作。

seta20.1、seta20.2实现了此操作

可以看到boot.S中的是设定了数据类型的。inb就是读入一个字节，反汇编后得到的是in

.asm中还对于地址仍然使用名称，但是gdb调试获得的基本上就是十六进制地址了

```assembly
//判断0x64是否忙
in     $0x64,%al 从0x64读入一个字节数据
test   $0x2,%al 类似于and操作，只修改标志位,读入的值与0x2=10按位与,测试第二位，即这个位要置为0
jnz     seta20.1 第二位为0继续，eax此时值为0x1c=0001 1100，eflags=0x46=0100 0110,zf为1
//输出0xd1到该端口
movb    $0xd1,%al               # 0xd1 -> port 0x64
outb    %al,$0x64
```

https://www.javaroad.cn/questions/346557

https://www.modb.pro/db/325134

端口0x64（命令端口）用于向键盘控制器（PS / 2）发送命令 .

端口0x60（数据端口）用于向/从PS / 2（键盘）控制器或PS / 2设备本身发送数据 .

0xd1表示写入命令；0xdf则是开启a20选通位

使用引导GDT和段转换从实模式切换到保护模式，使虚拟地址与其物理地址相同，以便有效内存映射在切换期间不会更改。

gtd：全局描述表(GDT Global Descriptor Table)，在保护模式下一个重要的数据结构。

lgdt：加载全局描述符。将gtd读入寄存器gtdr中

cr0:最低位PE=1表示保护模式，PE=0表示实模式

```
lgdtw  0x7c64 //0x7c64是gdtdesc的内存地址
mov    %cr0,%eax//cr0是控制寄存器，cr0->eax，eax=0x10
or     $0x1,%eax//eax变为0x11，设置PE
mov    %eax,%cr0//eax->cr0
ljmp   $0x8,$0x7c32
```

**0x7c32就是protcseg的位置，这里开始变成32位保护模式**

设置各个段寄存器的数值为0x10

```
mov    $0x10,%ax
mov    %eax,%ds
mov    %eax,%es
```

设置堆栈指针，接着跳转到c语言部分。到这里boot.s的内容结束了。

```assembly
mov    $0x7c00,%esp 
call   0x7d19//跳转
```

在boot.asm第265行找到bootmain对应的汇编代码。main.c中是c语言代码

基本上就是保存断点。call readseg

readseg：将内核“offset”处的“count”字节读取到物理地址“pa”中。

readsect：读入一个扇区

回答问题：

- 处理器在什么时候开始执行 32 位代码？究竟是什么导致从 16 位模式切换到 32 位模式？

  从0x7c32开始执行32位代码。设置了cr0中的PE标志位，进入保护模式

- 引导加载程序执行的最后一条指令是什么，它刚刚加载的内核的第一条指令是什么？

  最后一条指令call   *0x10018
  内核第一条 movw   $0x1234,0x472

- 内核的第一条指令在哪里？

  0x10000c

- 引导加载程序如何决定它必须读取多少扇区才能从磁盘获取整个内核？它在哪里找到这些信息？

  阅读bootmain的c语言代码。ph指向段的信息，eph则指向最后一个段的信息。必须读取ELFHDR->e_phnum个才可以。每个段需要读取的大小读取的在ph->p_pa中，扇区大小为SECTSIZE，就可以计算出扇区的数量

  ```
  ph = (struct Proghdr *) ((uint8_t *) ELFHDR + ELFHDR->e_phoff);
  eph = ph + ELFHDR->e_phnum;
  for (; ph < eph; ph++)
     // p_pa is the load address of this segment (as well
     // as the physical address)
     readseg(ph->p_pa, ph->p_memsz, ph->p_offset);
  ```

### 加载内核

#### 练习4

回顾c语言指针。阅读pointer.c

简单的说，c语言指针定义int a[4],*c；可用malloc函数初始化；赋值c=a，c与a的地址值就相同，指向同一数组，对其的修改操作也会同步；

访问操作：以下操作访问的内存地址是相同的：c[1]、1[c]、*(c+1)

c+x会默认增加c类型的大小，要增加其余类型的大小，需要使用（char *)c+x进行强制类型转化

但是不要这样做，会导致值错误，因为内存地址初始位置出了问题

#### ELF

程序是分段的。输入objdump -h obj/kern/kernel查看程序的段。

- `.text`：程序的可执行指令。
- `.rodata`：只读数据，例如由 C 编译器生成的 ASCII 字符串常量。（不过，我们不会费心设置硬件来禁止写入。）
- `.data`：数据部分保存程序的初始化数据，例如使用`int x = 5 等初始化器声明的全局变量；`.
- .bss：未初始化的数据

**objdump命令**是用查看目标文件或者可执行的目标文件的构成的gcc工具。

-h:显示目标文件各个section的头部摘要信息。   

-x:显示所可用的头信息，包括符号表、重定位入口。

内核可执行文件中所有部分的名称、大小和链接地址的完整列表：

> obj/kern/kernel：     文件格式 elf32-i386
>
> 节：
> Idx Name          Size      VMA       LMA       File off  Algn
>   0 .text         000019e1  f0100000  00100000  00001000  2**4
>                   CONTENTS, ALLOC, LOAD, READONLY, CODE
>   1 .rodata       000006bc  f0101a00  00101a00  00002a00  2**5
>                   CONTENTS, ALLOC, LOAD, READONLY, DATA
>   2 .stab         00003739  f01020bc  001020bc  000030bc  2**2
>                   CONTENTS, ALLOC, LOAD, READONLY, DATA
>   3 .stabstr      00001529  f01057f5  001057f5  000067f5  2**0
>                   CONTENTS, ALLOC, LOAD, READONLY, DATA
>   4 .data         00009300  f0107000  00107000  00008000  2**12
>                   CONTENTS, ALLOC, LOAD, DATA
>   5 .got          00000008  f0110300  00110300  00011300  2**2
>                   CONTENTS, ALLOC, LOAD, DATA
>   6 .got.plt      0000000c  f0110308  00110308  00011308  2**2
>                   CONTENTS, ALLOC, LOAD, DATA
>   7 .data.rel.local 00001000  f0111000  00111000  00012000  2**12
>                   CONTENTS, ALLOC, LOAD, DATA
>   8 .data.rel.ro.local 00000044  f0112000  00112000  00013000  2**2
>                   CONTENTS, ALLOC, LOAD, DATA
>   9 .bss          00000661  f0112060  00112060  00013060  2**5
>                   CONTENTS, ALLOC, LOAD, DATA
>  10 .comment      00000026  00000000  00000000  000136c1  2**0
>                   CONTENTS, READONLY

VMA：链接地址（虚拟地址），LMA:加载地址（即内存地址）

二者通常是相同的？但是这里看到的好像不同。vma是从0xf0000000开始的；LMA从0开始。查看后面的部分告诉了我们答案：内核告诉引导加载程序将其加载到低地址（1 兆字节）的内存中，但它希望从高地址执行。我们将在下一节中深入研究如何使这项工作。

objdump -h obj/boot/boot.out 查看引导加载程序的`.text`部分：

> obj/boot/boot.out：     文件格式 elf32-i386
>
> 节：
> Idx Name          Size      VMA       LMA       File off  Algn
>   0 .text         0000018c  00007c00  00007c00  00000074  2**2
>                   CONTENTS, ALLOC, LOAD, CODE
>   1 .eh_frame     0000009c  00007d8c  00007d8c  00000200  2**2
>                   CONTENTS, ALLOC, LOAD, READONLY, DATA
>   2 .stab         00000684  00000000  00000000  0000029c  2**2
>                   CONTENTS, READONLY, DEBUGGING
>   3 .stabstr      0000043f  00000000  00000000  00000920  2**0
>                   CONTENTS, READONLY, DEBUGGING
>   4 .comment      00000026  00000000  00000000  00000d5f  2**0
>                   CONTENTS, READONLY

检查程序标头 objdump -x obj/kern/kernel

> obj/kern/kernel：     文件格式 elf32-i386
> obj/kern/kernel
> 体系结构：i386， 标志 0x00000112：
> EXEC_P, HAS_SYMS, D_PAGED
> 起始地址 0x0010000c
>
> 程序头：
>     LOAD off    0x00001000 vaddr 0xf0100000 paddr 0x00100000 align 2**12
>          filesz 0x00006d1e memsz 0x00006d1e flags r-x
>     LOAD off    0x00008000 vaddr 0xf0107000 paddr 0x00107000 align 2**12
>          filesz 0x0000b6c1 memsz 0x0000b6c1 flags rw-
>    STACK off    0x00000000 vaddr 0x00000000 paddr 0x00000000 align 2**4
>          filesz 0x00000000 memsz 0x00000000 flags rwx
>
> 节：
> Idx Name          Size      VMA       LMA       File off  Algn
>   0 .text         000019e1  f0100000  00100000  00001000  2**4
>                   CONTENTS, ALLOC, LOAD, READONLY, CODE
>   1 .rodata       000006bc  f0101a00  00101a00  00002a00  2**5
>                   CONTENTS, ALLOC, LOAD, READONLY, DATA
>   2 .stab         00003739  f01020bc  001020bc  000030bc  2**2
>                   CONTENTS, ALLOC, LOAD, READONLY, DATA
>   3 .stabstr      00001529  f01057f5  001057f5  000067f5  2**0
>                   CONTENTS, ALLOC, LOAD, READONLY, DATA
>   4 .data         00009300  f0107000  00107000  00008000  2**12
>                   CONTENTS, ALLOC, LOAD, DATA
>   5 .got          00000008  f0110300  00110300  00011300  2**2
>                   CONTENTS, ALLOC, LOAD, DATA
>   6 .got.plt      0000000c  f0110308  00110308  00011308  2**2
>                   CONTENTS, ALLOC, LOAD, DATA
>   7 .data.rel.local 00001000  f0111000  00111000  00012000  2**12
>                   CONTENTS, ALLOC, LOAD, DATA
>   8 .data.rel.ro.local 00000044  f0112000  00112000  00013000  2**2
>                   CONTENTS, ALLOC, LOAD, DATA
>   9 .bss          00000661  f0112060  00112060  00013060  2**5
>                   CONTENTS, ALLOC, LOAD, DATA
>  10 .comment      00000026  00000000  00000000  000136c1  2**0
>                   CONTENTS, READONLY
> SYMBOL TABLE:
> 00000000 l    df *ABS*	00000000 entry.o
> f010002f l       .text	00000000 relocated
> f010003e l       .text	00000000 spin
> 00000000 l    df *ABS*	00000000 entrypgdir.c
> 00000000 l    df *ABS*	00000000 init.c
> 00000000 l    df *ABS*	00000000 console.c
> f01001c0 l     F .text	0000001a serial_proc_data
> f01001da l     F .text	00000064 cons_intr
> f01120a0 l     O .bss	00000208 cons
> f010023e l     F .text	00000126 kbd_proc_data
> f0112080 l     O .bss	00000004 shift.0
> f0101bc0 l     O .rodata	00000100 shiftcode
> f0101ac0 l     O .rodata	00000100 togglecode
> f0112000 l     O .data.rel.ro.local	00000010 charcode
> f0100364 l     F .text	00000216 cons_putc
> f01122a8 l     O .bss	00000002 crt_pos
> f01122b0 l     O .bss	00000004 addr_6845
> f01122ac l     O .bss	00000004 crt_buf
> f01122b4 l     O .bss	00000001 serial_exists
> f0110200 l     O .data	00000100 normalmap
> f0110100 l     O .data	00000100 shiftmap
> f0110000 l     O .data	00000100 ctlmap
> 00000000 l    df *ABS*	00000000 monitor.c
> f0112010 l     O .data.rel.ro.local	00000018 commands
> 00000000 l    df *ABS*	00000000 printf.c
> f01009e0 l     F .text	00000022 putch
> 00000000 l    df *ABS*	00000000 kdebug.c
> f0100a4d l     F .text	000000f5 stab_binsearch
> 00000000 l    df *ABS*	00000000 printfmt.c
> f0100d46 l     F .text	000000be printnum
> f0100e04 l     F .text	0000001d sprintputch
> f0112028 l     O .data.rel.ro.local	0000001c error_string
> f0101287 l       .text	00000000 .L20
> f0100f4e l       .text	00000000 .L36
> f0101277 l       .text	00000000 .L35
> f0100f0a l       .text	00000000 .L34
> f0100ed3 l       .text	00000000 .L66
> f0100f36 l       .text	00000000 .L33
> f0100edc l       .text	00000000 .L32
> f0100ee5 l       .text	00000000 .L31
> f0100f71 l       .text	00000000 .L30
> f01010dd l       .text	00000000 .L29
> f0100f8d l       .text	00000000 .L28
> f0100f65 l       .text	00000000 .L27
> f01011b8 l       .text	00000000 .L26
> f01011d8 l       .text	00000000 .L25
> f0100fe8 l       .text	00000000 .L24
> f0101166 l       .text	00000000 .L23
> f0101225 l       .text	00000000 .L21
> 00000000 l    df *ABS*	00000000 readline.c
> f01122c0 l     O .bss	00000400 buf
> 00000000 l    df *ABS*	00000000 string.c
> 00000000 l    df *ABS*	00000000 
> f0110308 l     O .got.plt	00000000 _GLOBAL_OFFSET_TABLE_
> f0101323 g     F .text	00000000 .hidden __x86.get_pc_thunk.cx
> f010000c g       .text	00000000 entry
> f0101467 g     F .text	00000024 strcpy
> f01005a1 g     F .text	0000001d kbd_intr
> f0100877 g     F .text	00000006 mon_backtrace
> f0100106 g     F .text	0000006a _panic
> f0100752 g     F .text	00000000 .hidden __x86.get_pc_thunk.si
> f01000a6 g     F .text	00000060 i386_init
> f01015fd g     F .text	00000062 memmove
> f0101309 g     F .text	0000001a snprintf
> f0100e3e g     F .text	0000046c vprintfmt
> f01005be g     F .text	00000054 cons_getc
> f0100a39 g     F .text	00000014 cprintf
> f010165f g     F .text	00000016 memcpy
> f0101327 g     F .text	00000105 readline
> f010f000 g     O .data	00001000 entry_pgtable
> f0100040 g     F .text	00000066 test_backtrace
> f01012aa g     F .text	0000005f vsnprintf
> f0112060 g       .bss	00000000 edata
> f0100612 g     F .text	00000115 cons_init
> f010074e g     F .text	00000000 .hidden __x86.get_pc_thunk.ax
> f01057f4 g       .stab	00000000 __STAB_END__
> f01057f5 g       .stabstr	00000000 __STABSTR_BEGIN__
> f01018d0 g     F .text	00000111 .hidden __umoddi3
> f010057a g     F .text	00000027 serial_intr
> f01017b0 g     F .text	00000112 .hidden __udivdi3
> f0100748 g     F .text	00000006 iscons
> f01016cb g     F .text	000000dc strtol
> f0101444 g     F .text	00000023 strnlen
> f010148b g     F .text	00000025 strcat
> f0112060 g     O .bss	00000004 panicstr
> f01126c0 g       .bss	00000000 end
> f0100170 g     F .text	0000004c _warn
> f010159b g     F .text	0000001c strfind
> f01019e1 g       .text	00000000 etext
> 0010000c g       .text	00000000 _start
> f01014dd g     F .text	0000003b strlcpy
> f010153e g     F .text	0000003a strncmp
> f01014b0 g     F .text	0000002d strncpy
> f01001bc g     F .text	00000000 .hidden __x86.get_pc_thunk.bx
> f0101675 g     F .text	00000039 memcmp
> f0100727 g     F .text	00000010 cputchar
> f01015b7 g     F .text	00000046 memset
> f0100737 g     F .text	00000011 getchar
> f0100e21 g     F .text	0000001d printfmt
> f0106d1d g       .stabstr	00000000 __STABSTR_END__
> f0101518 g     F .text	00000026 strcmp
> f0100b42 g     F .text	00000204 debuginfo_eip
> f0100a02 g     F .text	00000037 vcprintf
> f010f000 g       .data	00000000 bootstacktop
> f0111000 g     O .data.rel.local	00001000 entry_pgdir
> f0107000 g       .data	00000000 bootstack
> f01020bc g       .stab	00000000 __STAB_BEGIN__
> f010142c g     F .text	00000018 strlen
> f0101578 g     F .text	00000023 strchr
> f01007a6 g     F .text	000000d1 mon_kerninfo
> f010087d g     F .text	00000163 monitor
> f01016ae g     F .text	0000001d memfind
> f0100756 g     F .text	00000050 mon_help

#### 练习5

boot/Makefrag中28行-Ttext 0x7C00，设置了链接地址。把它修改成0x0，输入make clean与make;

重新进行gdb调试。输入c，直到出现中断才停止。

```
Program received signal SIGTRAP, Trace/breakpoint trap.
The target architecture is set to "i8086".
[   0:7c2d] => 0x7c2d:	ljmp   $0x8,$0x32
0x00007c2d in ?? ()
```

这正是之前进入保护模式的代码。再看boot.asm，是从0开始而非0x700开始。没修改时的代码如下：

```
[   0:7c2d] => 0x7c2d:	ljmp   $0x8,$0x7c32
0x00007c2d in ?? ()
```

可以看到跳转的地址不一样。

ld任务：

1. 符号解析：函数、全局变量、静态变量会有一个符号定义。该操作将符号引用与符号定义对应起来
2. 重定位。链接器和编译器生成的.i、.s文件地址都是从0开始的。ld会将文件进行重定位。

所以说这个地址就是ld使用的。地址是我们在Ttext中设置的地址加上0x32，重定位的时候加上这个地址。当bios读入引导程序的时候，会将其读入到0x7C00。但是链接时，对于一个变量，我们需要给其一个基地址，才能重定向为内存地址。

#### 练习6

使用x/Nx ADDR查看地址addr存储的N个内存字。重启qemu-gdb

> b *0x7C00
>
> c
>
> (gdb) x/8x 0x00100000 
> 0x100000:	0x00000000	0x00000000	0x00000000	0x00000000
> 0x100010:	0x00000000	0x00000000	0x00000000	0x00000000

可以看到此时0x00100000 开始的8个内存字全部都是0

进入内核后：

> (gdb) b *0x7d71
> Breakpoint 2 at 0x7d71
> (gdb) c
>
> si
>
> (gdb) x/8x 0x00100000 
> 0x100000:	0x1badb002	0x00000000	0xe4524ffe	0x7205c766
> 0x100010:	0x34000004	0x1000b812	0x220f0011	0xc0200fd8

0x00100000 其实是拓展内存开始的位置，也是内核导入的数据。

### Part3内核

#### 练习7

entry.S对应的反汇编在kernel.asm中

b *0x7d71

si

可以看到指令是在0x10000c开始的,这里用的是LMA，而反汇编中写的的是VMA,0xf010000c

=> 0x100025:	mov    %eax,%cr0

出现这条指令后，输入下面的指令，这时该指令还未执行。

> (gdb) x/8x 0x00100000
> 0x100000:	0x1badb002	0x00000000	0xe4524ffe	0x7205c766
> 0x100010:	0x34000004	0x1000b812	0x220f0011	0xc0200fd8
> (gdb) x/8x 0xf0100000
> 0xf0100000 <_start-268435468>:	0x00000000	0x00000000	0x00000000	0x00000000
> 0xf0100010 <entry+4>:	0x00000000	0x00000000	0x00000000	0x00000000

可以看到此时的0x00100000中存储的内核信息。0xf0100000则是空的。但是会有对应的函数名。也就是说函数是用虚拟地址定位的。

> (gdb) si
> => 0x100028:	mov    $0xf010002f,%eax
> 0x00100028 in ?? ()
> (gdb) x/8x 0x00100000
> 0x100000:	0x1badb002	0x00000000	0xe4524ffe	0x7205c766
> 0x100010:	0x34000004	0x1000b812	0x220f0011	0xc0200fd8
> (gdb) x/8x 0xf0100000
> 0xf0100000 <_start-268435468>:	0x1badb002	0x00000000	0xe4524ffe	0x7205c766
> 0xf0100010 <entry+4>:	0x34000004	0x1000b812	0x220f0011	0xc0200fd8

该指令完成了映射，这时输出的两个地址的数据就完全相同。

注释掉该指令，重启qemu-gdb；直接按c会导致qemu退出。

> => 0x10002a:	jmp    *%eax
> 0x0010002a in ?? ()
> (gdb) 
> => 0xf010002c <relocated>:	add    %al,(%eax)
> relocated () at kern/entry.S:74
> 74		movl	$0x0,%ebp			# nuke frame pointer
> (gdb) si
> Remote connection closed

此时eax值为0xf010002c，由于映射失败，这个位置的值应该是0。jmp *0x0，这个位置是不允许使用的。

复原entry.S

#### 练习8

通读`kern/printf.c`、`lib/printfmt.c`和`kern/console.c`

这三个文件实现了命令行输出。

printf.c:简单实现，基于printfmt和cputchar函数。可以说该文件是最后的实现，使用了另外两个文件中的函数。

console.c:处理键盘输入和命令行输出的函数，只输入输出字符

printfmt.c：主要是实现格式化输出。

va_list:字符指针。指向当前参数。目的是为了取多个参数。

va_start:对ap进行初始化。第一个参数是ap。第二个是我们要取的参数列表前的一个参数。

va_arg:获取参数。ap+类型，ap++

va_end:释放指针。

cprintf实现了格式化输入。fmt是字符指针。

> vprintfmt函数：printfmt.c第83行。void*和int*的区别在于取值时的长度不同。putdat大概是输出的字符长度

printfmt.c第207行，case o，就是我们要完成的内容。printnum函数可以输出数字，只能输出正数。我们要的是八进制输出。模仿输出%d即可。

```
num = getint(&ap, lflag);
if ((long long) num < 0) {
    putch('-', putdat);
    num = -(long long) num;
}
base = 8;
goto number;
```

回答问题：

1. 解释`printf.c`和 `console.c`之间的接口。`具体来说， console.c`导出什么函数 ？`printf.c`如何使用这个函数 ？

   condsole.c导出的是cputchar函数。printf用其来构造自己的putch函数，作为格式化输出时的参数。这些接口都定义在stdio.h中。

2. 代码在concole.c195行。

   cga_putc：cga是彩色图形适配器。该函数就是输出一个字符

   memmove：参数：dist目标。src源内存。len长度。内存复制函数。这里实现了往前挪动一行

   > crt_pos:当前输出位置指针，指向内存区中对应输出映射地址。
   >
   > CRT_SIZE:是CRT_COLS和CRT_ROWS的乘积，即2000=80*25，是不翻页时一页屏幕最大能容纳的字数
   >
   > crt_buf:输出缓冲区内存映射地址
   >
   > CRT_COLS:默认输出格式下整个屏幕的列数，为80
   >
   > CRT_ROWS:默认输出格式下整个屏幕的行数，为25
   >
   > unit16_t:typedef unsigned short 正好两字节，可以分别用来表示当前要打印的字符ASCII码和打印格式属性。

   循环将最后一行置为空格。最后游标向上移动一行。

   目标是：如果目前的输出位置超出了默认屏幕可以输出的位置，就把最上面一行消除掉，整体往上移动一行

3. 单步调试：我们可以把代码加入到monitor.c/mon_kerninfo函数中。输入kerninfo就会进行输出。从反汇编中看到这个函数的调用。在f01007c6打断点。gdb命令s进入函数，n跳过函数。

   ```c
   int x = 1, y = 3, z = 4;
   cprintf("x %d, y %x, z %d\n", x, y, z);
   ```

   - 在调用 to`cprintf()`时，`fmt`指向什么？`ap`指向什么？

     输入p *fmt，fmt指向字符x

     ap指向参数x,输入p ((int*)ap)[0]，输出1

   - 按照执行顺序列出每个对cons_putc，va_arg和vcprintf的调用，以及其参数。va_arg列出ap在调用前后的指向。vcprintf列出两个参数的值。

     cons_putc是输出一个字符。va_arg：读取相应的参数。vcprintf:输出函数。cprintf调用

     按执行顺序：

     vcprintf：fmt：x，ap：1，3，4，即x,y,z

     cons_putc：c:120,输出x

     va_arg:case d的时候才会使用。参数：前:1，后：3.

     接下来的应该都差不多。

4. 替换代码

   ```
   unsigned int i = 0x00646c72;
   cprintf("H%x Wo%s", 57616, &i);
   ```

   输出He110 World，%x输出的是16进制。&i则是i的地址，输出字符串。

   就像在上一个程序一样。

   vcprintf：fmt：x，ap：57616，(unsigned int *) 0xf010ef4c（即&i

   cons_putc：输出H

   va_arg:前：57616，后：&i

   &i=0xf010ef4c,%s读取时方式如下：

   ```c
   // string
   case 's':
      if ((p = va_arg(ap, char *)) == NULL)
         p = "(null)";
      if (width > 0 && padc != '-')
         for (width -= strnlen(p, precision); width > 0; width--)
            putch(padc, putdat);
      for (; (ch = *p++) != '\0' && (precision < 0 || --precision >= 0); width--)
         if (altflag && (ch < ' ' || ch > '~'))
            putch('?', putdat);
         else
            putch(ch, putdat);
      for (; width > 0; width--)
         putch(' ', putdat);
      break;
   ```

   即读取数据一直到\0。读出的指针的char *类型的，我们传入的是U_int类型的。char类型的长度为1B，u_int长度是4B

   rld对应的ASCII码为72 6C 64 00,数据是0x00646c72，说明x86是使用小端方式存储的。

   如果是大端。数据就应该是0x726C6400。57616不需要更改。

   > 大端模式，是指数据的高字节保存在内存的低地址中，而数据的低字节保存在内存的高地址中，这样的存储模式有点儿类似于把数据当作字符串顺序处理：地址由小向大增加，数据从高位往低位放；这和我们的阅读习惯一致。
   >
   > 小端模式，是指数据的高字节保存在内存的高地址中，而数据的低字节保存在内存的低地址中，这种存储模式将地址的高低和数据位权有效地结合起来，高地址部分权值高，低地址部分权值低。

5. x=3 y=-267312448。对于多参数，va_arg会从堆栈中读取参数。但是我们传入的参数不足，因此会导致读取出上一个被压入堆栈的数据。

   ```
      cprintf("x=%d y=%d", 3);
   ```

6. 大意就是，gcc按照声明顺序推入参数。修改cprintf接口使其仍然可变。

   int cprintf(const char *fmt, ...);gcc的默认方式的先推入最后一个参数在高地址，从后往前

   修改后：int cprintf(...，const char *fmt);逆序传入参数？或者修改va_list读取参数的方式。

挑战：实现有色打印，有空再写。

### 堆栈

#### **练习 9.** 确定内核初始化它的堆栈的位置，以及它的堆栈在内存中的确切位置。内核如何为其堆栈保留空间？堆栈指针初始化为指向该保留区域的哪个“末端”？

堆栈的上下限使用寄存器ebp和esp确定的。

堆栈是从高地址到低地址的，每次进栈，esp都要减少，esp指向栈顶，是低地址，ebp指向栈底，高地址。

堆栈初始化在之前的代码中曾经看到过。（练习3）

entry.S中搜索stack,设置stack是这个文件最后的部分。在反汇编中找到地址为f010002f

```
# Clear the frame pointer register (EBP)
# so that once we get into debugging C code,
# stack backtraces will be terminated properly.
movl   $0x0,%ebp        # nuke frame pointer

# Set the stack pointer
movl   $(bootstacktop),%esp

# now to C code
call   i386_init
```

可以看到bootstacktop被赋予给了esp

进入c程序前

esp            0xf010f000          0xf010f000 <entry_pgtable>
ebp            0x0                 0x0

esp的地址就是堆栈的栈顶，大小是8*4096。

在`bootstack`位置处初始化了`KSTKSIZE`这么多的空间。`KSTKSIZE`在`inc/memlayout.h`里面定义，是`8*PGSIZE`，而`PGSIZE`在`inc/mmu.h`中定义，值为4096。

#### 练习10

找到test_backtrace并设置断点，分析过程。每个递归嵌套层压栈有多少个 32 位字，这些字是什么？

该函数在f0100040。源代码在init.c。很显然这个函数就是输出了一个递归的entering test_backtrace x,x从5到0，没什么特殊意义。

每次调用时，首先保存ebp,esp保存在ebp中，即栈底。esi和ebx保存起来。

__x86.get_pc_thunk.bx把esp的值赋给ebx,call会使esp变为下一条指令的地址。这个操作相当于把ebx存储下一条指令地址。此时ebx变为0xf010004a。这个函数在x86上的PIC(position independent code，即位置无关代码)中使用。它将%eip的位置加载到%eax寄存器中，从而实现对模块内部数据（例如全局变量）的访问。
**原因是x86的指令集中没有直接读取%eip的指令。**eip相当于pc寄存器

ebx增加0x102be，这好像与虚拟内存有关，为的是生成位置无关的代码。我认为没必要深究其中的内容。

```
push   %ebp
f0100041:  89 e5                  mov    %esp,%ebp
f0100043:  56                     push   %esi
f0100044:  53                     push   %ebx
f0100045:  e8 72 01 00 00         call   f01001bc <__x86.get_pc_thunk.bx>
f010004a:  81 c3 be 02 01 00      add    $0x102be,%ebx
f0100050:  8b 75 08               mov    0x8(%ebp),%esi
```

每次递归调用时：

```
       test_backtrace(x-1);
f010006a:  83 ec 0c               sub    $0xc,%esp
f010006d:  8d 46 ff               lea    -0x1(%esi),%eax
f0100070:  50                     push   %eax
f0100071:  e8 ca ff ff ff         call   f0100040 <test_backtrace>
f0100076:  83 c4 10               add    $0x10,%esp
```

可以看到，esp减小了，lea读出参数，push了我们的参数。每次减少的esp规律在于：与参数数量有关。-0xc+0x10=4,push eax也就是减少了4个B;mon_backtrace是-4+0x10=12,push $0x0一次也是减少4，相当于回复了esp,每次都提供了16*4B大小的默认堆栈空间。

push操作实现了：subl $4, %esp     movl %eax, (%esp)

call 0x12345操作实现了：pushl %eip     movl $0x12345, %eip,即esp又-4

在每个函数的开头：push ebp; mov esp,ebp;此时esp指向的数据就是ebp;

```
mon_backtrace(0, 0, 0);
f0100093:  83 ec 04               sub    $0x4,%esp
f0100096:  6a 00                  push   $0x0
f0100098:  6a 00                  push   $0x0
f010009a:  6a 00                  push   $0x0
f010009c:  e8 d6 07 00 00         call   f0100877 <mon_backtrace>
f01000a1:  83 c4 10               add    $0x10,%esp
f01000a4:  eb d3                  jmp    f0100079 <test_backtrace+0x39>
```

每次调用时，压入了eax,ebx,esi,ebx,esi,eax，6个32位



#### 练习11 实现mon_backtrace

read_ebp大概就是读ebp吧

ebp是该函数存储的栈底。即上个函数的esp；而ebp指向的栈空间+4，应该就是eip的位置。具体见练习10的分析；读取参数，第一个参数在ebp+8的位置。在https://pdos.csail.mit.edu/6.828/2018/lec/l-x86.html有对此的解释。

```
each function has a stack frame marked by %ebp, %esp
		       +------------+   |
		       | arg 2      |   \
		       +------------+    >- previous function's stack frame
		       | arg 1      |   /
		       +------------+   |
		       | ret %eip   |   /
		       +============+   
		       | saved %ebp |   \
		%ebp-> +------------+   |
		       |            |   |
		       |   local    |   \
		       | variables, |    >- current function's stack frame
		       |    etc.    |   /
		       |            |   |
		       |            |   |
		%esp-> +------------+   /
```

如果函数实现都像上面那样，ebp+16，就是上一个函数ebp的位置。还是直接读取ebp中的内存,作为旧的ebp;进行递归调用。显然

```
(gdb) bt
#0  mon_backtrace (argc=0, argv=0x0, tf=0x0) at kern/monitor.c:59
#1  0xf01000a1 in test_backtrace (x=0) at kern/init.c:18
#2  0xf0100076 in test_backtrace (x=1) at kern/init.c:16
#3  0xf0100076 in test_backtrace (x=2) at kern/init.c:16
#4  0xf0100076 in test_backtrace (x=3) at kern/init.c:16
#5  0xf0100076 in test_backtrace (x=4) at kern/init.c:16
#6  0xf0100076 in test_backtrace (x=5) at kern/init.c:16
#7  0xf01000f4 in i386_init () at kern/init.c:39
#8  0xf010003e in relocated () at kern/entry.S:80
```

最外层在entry.S中。当我们的ebp读取到最外层的时候，就可以停止了。最外层ebp被强制初始化成0。

```
relocated:

   # Clear the frame pointer register (EBP)
   # so that once we get into debugging C code,
   # stack backtraces will be terminated properly.
   movl   $0x0,%ebp        # nuke frame pointer

   # Set the stack pointer
   movl   $(bootstacktop),%esp

   # now to C code
   call   i386_init
```

#### 练习12 

查找_STAB__

stab也就是Symbol Table，符号表是一种用于语言翻译器（例如编译器和解释器）中的数据结构。在符号表中，程序源代码中的每个标识符都和它的声明或使用信息绑定在一起，比如其数据类型、作用域以及内存地址。

kdebug.c

```c
extern const struct Stab __STAB_BEGIN__[];  // Beginning of stabs table
extern const struct Stab __STAB_END__[];   // End of stabs table
```

kernel.ld 

PROVIDE为在任何链接目标中没有定义但是被引用的一个符号,而在链接脚本定义一个符号。 PROVIDE(symbol= expression)。

. 是⼀个特殊的符号，它是定位器，⼀个位置指针，指向程序地址空间内的某位置(或某section内的偏移，如果它在SECTIONS命令内的某section描述内)，该符号只能在SECTIONS命令内使⽤。这里大概就是段的开头和末尾。
```
/* Include debugging information in kernel memory */
	.stab : {
		PROVIDE(__STAB_BEGIN__ = .);
		*(.stab);
		PROVIDE(__STAB_END__ = .);
		BYTE(0)		/* Force the linker to allocate space
				   for this section */
	}

	.stabstr : {
		PROVIDE(__STABSTR_BEGIN__ = .);
		*(.stabstr);
		PROVIDE(__STABSTR_END__ = .);
		BYTE(0)		/* Force the linker to allocate space
				   for this section */
	}
```

objdump -h obj/kern/kernel

```
obj/kern/kernel：     文件格式 elf32-i386

节：
Idx Name          Size      VMA       LMA       File off  Algn
  0 .text         00001ae1  f0100000  00100000  00001000  2**4
                  CONTENTS, ALLOC, LOAD, READONLY, CODE
  1 .rodata       000006f0  f0101b00  00101b00  00002b00  2**5
                  CONTENTS, ALLOC, LOAD, READONLY, DATA
  2 .stab         0000387d  f01021f0  001021f0  000031f0  2**2
                  CONTENTS, ALLOC, LOAD, READONLY, DATA
  3 .stabstr      00001531  f0105a6d  00105a6d  00006a6d  2**0
                  CONTENTS, ALLOC, LOAD, READONLY, DATA
....
```

 objdump -G obj/kern/kernel

```
obj/kern/kernel：     文件格式 elf32-i386

.stab 节的内容：

Symnum n_type n_othr n_desc n_value  n_strx String
-1     HdrSym 0      1204   00001530 1     
0      SO     0      0      f0100000 1      {standard input}
1      SOL    0      0      f010000c 18     kern/entry.S
2      SLINE  0      44     f010000c 0      
...
373    FUN    0      0      f0100877 1790   mon_backtrace:F(0,1)
374    PSYM   0      0      00000008 1603   argc:p(0,1)
375    PSYM   0      0      0000000c 1768   argv:p(0,2)
376    PSYM   0      0      00000010 1780   tf:p(0,5)
377    SLINE  0      59     00000000 0      
378    SOL    0      0      f010088b 601    ./inc/x86.h
379    SLINE  0      214    00000014 0      
380    SOL    0      0      f010088d 1541   kern/monitor.c
...
```

可以看到存储的是Symbol Table的具体信息。

stab.h

```
// Entries in the STABS table are formatted as follows.
struct Stab {
   uint32_t n_strx;   // index into string table of name
   uint8_t n_type;         // type of symbol
   uint8_t n_other;        // misc info (usually empty)
   uint16_t n_desc;        // description field
   uintptr_t n_value; // value of symbol
};
```

symnum：条目序号
n_type：条目类型，stab.h中可以看到类型。
n_othr：一直都为空，不知为何
n_desc：符号在文件中的行号
n_value：符号的地址。FUN类型的地址是绝对地址，而对其他类型，如果前面有出现过FUN，那么SLINE指的就是这个函数内部的偏移地址，是相对地址。例子中的SLINE类型等前面都没出现过FUN，所以都是绝对地址。
n_strx：字符串表的索引，指的是这个符号名字首字母在字符串表中的索引位置。比如{standard input}的n_strx为1，因为其首字母位置1，结尾是17，可能有一个终止符，所以kern/entry.S的n_strx为18。后面同理。
String：即符号的字符串名。

弄清除了stab，开始写代码。
stab_binsearch会进行二分查找，找到我们要的内存空间位于哪个部分。我们要输出的信息如下：

```
 kern/monitor.c:143: monitor+106 
```

```c
kdebug.c
stab_binsearch(stabs,&lline,&rline,N_SLINE,addr);
if(lline<=rline){
    info->eip_line = rline;
} else{
    return -1;
}
```

monitor.c

```
static struct Command commands[] = {
	{ "help", "Display this list of commands", mon_help },
	{ "kerninfo", "Display information about the kernel", mon_kerninfo },
    { "backtrace","Display the backtrace",mon_backtrace}
};

int
mon_backtrace(int argc, char **argv, struct Trapframe *tf)
{
	// Your code here.
    //读入ebp
    uintptr_t * ebp = (uintptr_t *)read_ebp();
    cprintf("Stack backtrace:\n");
    while (ebp != 0) {
        cprintf("  ebp %08x  eip %08x  args ",ebp, ebp[1]);
        for (int j=2; j<=6; ++j){
            //读取参数，第一个参数位于ebp+8,这里用int *,只需要加2
            cprintf(" %08x",*(ebp+j));
        }
        cprintf("\n");
        struct Eipdebuginfo info;
        debuginfo_eip(ebp[1],&info);
        cprintf("         %s:%d: %.*s+%d\n",
                info.eip_file,info.eip_line,info.eip_fn_namelen,
                info.eip_fn_name,ebp[1]-info.eip_fn_addr);
        ebp = (uintptr_t *)ebp[0];
    }
	return 0;
}
```

make grade，得到50分满分。